TN:
SF:src\perf6.ts
FN:11,(anonymous_4)
FN:16,(anonymous_5)
FN:28,(anonymous_6)
FN:36,(anonymous_7)
FN:56,(anonymous_8)
FNF:5
FNH:5
FNDA:23,(anonymous_4)
FNDA:9,(anonymous_5)
FNDA:9,(anonymous_6)
FNDA:1,(anonymous_7)
FNDA:1,(anonymous_8)
DA:1,1
DA:2,1
DA:4,1
DA:5,1
DA:8,1
DA:9,1
DA:10,1
DA:12,23
DA:13,22
DA:17,9
DA:18,8
DA:19,8
DA:21,8
DA:23,8
DA:25,1
DA:29,9
DA:30,8
DA:31,8
DA:33,1
DA:37,1
DA:44,1
DA:45,1
DA:47,1
DA:48,1
DA:51,1
DA:56,1
DA:63,1
DA:64,1
DA:65,1
DA:66,1
DA:67,1
LF:31
LH:31
BRDA:12,0,0,22
BRDA:12,0,1,1
BRDA:17,1,0,8
BRDA:17,1,1,1
BRDA:29,2,0,8
BRDA:29,2,1,1
BRDA:45,3,0,1
BRDA:45,3,1,1
BRF:8
BRH:8
end_of_record
TN:
SF:src\timerify.ts
FN:6,timerify
FN:7,(anonymous_1)
FN:12,invoke
FN:20,time
FN:33,measure
FNF:5
FNH:5
FNDA:22,timerify
FNDA:29,(anonymous_1)
FNDA:29,invoke
FNDA:21,time
FNDA:21,measure
DA:1,1
DA:6,1
DA:7,22
DA:8,29
DA:13,29
DA:14,21
DA:16,8
DA:21,21
DA:23,21
DA:25,21
DA:26,5
DA:28,16
DA:31,21
DA:34,21
DA:35,21
LF:15
LH:15
BRDA:8,0,0,29
BRDA:8,0,1,2
BRDA:13,1,0,21
BRDA:13,1,1,8
BRDA:25,2,0,5
BRDA:25,2,1,16
BRF:6
BRH:6
end_of_record
TN:
SF:src\classes\Session.ts
FN:6,(anonymous_0)
FN:7,(anonymous_1)
FN:10,(anonymous_2)
FNF:3
FNH:3
FNDA:9,(anonymous_0)
FNDA:22,(anonymous_1)
FNDA:9,(anonymous_2)
DA:3,1
DA:5,9
DA:6,9
DA:8,22
DA:11,9
LF:5
LH:5
BRF:0
BRH:0
end_of_record
TN:
SF:src\decorators\Profile.ts
FN:5,Profile
FN:21,wrapClass
FN:34,wrapMethodOrAccessor
FN:44,timerifyConstructor
FN:45,(anonymous_4)
FN:48,timerifyObject
FN:56,timerifyDescriptor
FNF:7
FNH:7
FNDA:7,Profile
FNDA:1,wrapClass
FNDA:6,wrapMethodOrAccessor
FNDA:1,timerifyConstructor
FNDA:1,(anonymous_4)
FNDA:2,timerifyObject
FNDA:26,timerifyDescriptor
DA:1,1
DA:5,1
DA:12,7
DA:13,1
DA:15,6
DA:18,7
DA:23,1
DA:26,1
DA:29,1
DA:31,1
DA:39,6
DA:40,6
DA:41,6
DA:45,1
DA:49,2
DA:50,20
DA:51,20
DA:52,20
DA:57,26
DA:58,7
DA:61,26
DA:62,6
DA:65,26
DA:66,6
LF:24
LH:24
BRDA:12,0,0,1
BRDA:12,0,1,6
BRDA:48,1,0,1
BRDA:57,2,0,7
BRDA:57,2,1,19
BRDA:61,3,0,6
BRDA:61,3,1,20
BRDA:65,4,0,6
BRDA:65,4,1,20
BRF:9
BRH:9
end_of_record
TN:
SF:test\decorator.test.ts
FN:8,(anonymous_2)
FN:9,(anonymous_3)
FN:14,(anonymous_4)
FN:20,(anonymous_5)
FN:30,(anonymous_6)
FN:31,(anonymous_7)
FN:32,(anonymous_8)
FN:33,(anonymous_9)
FN:35,(anonymous_10)
FN:40,(anonymous_11)
FN:46,(anonymous_12)
FN:56,(anonymous_13)
FN:57,(anonymous_14)
FN:58,(anonymous_15)
FN:59,(anonymous_16)
FN:60,(anonymous_17)
FN:62,(anonymous_18)
FN:74,(anonymous_19)
FN:75,(anonymous_20)
FN:76,(anonymous_21)
FN:77,(anonymous_22)
FN:80,(anonymous_23)
FN:81,(anonymous_24)
FN:82,(anonymous_25)
FN:83,(anonymous_26)
FN:84,(anonymous_27)
FN:88,(anonymous_28)
FN:89,(anonymous_29)
FN:90,(anonymous_30)
FN:91,(anonymous_31)
FN:94,(anonymous_32)
FN:118,(anonymous_33)
FN:119,(anonymous_34)
FN:120,(anonymous_35)
FN:121,(anonymous_36)
FN:122,(anonymous_37)
FN:123,(anonymous_38)
FN:124,(anonymous_39)
FN:125,(anonymous_40)
FN:126,(anonymous_41)
FN:127,(anonymous_42)
FN:128,(anonymous_43)
FN:129,(anonymous_44)
FN:130,(anonymous_45)
FN:131,(anonymous_46)
FN:132,(anonymous_47)
FN:133,(anonymous_48)
FN:134,(anonymous_49)
FN:135,(anonymous_50)
FN:136,(anonymous_51)
FN:137,(anonymous_52)
FN:138,(anonymous_53)
FN:139,(anonymous_54)
FN:140,(anonymous_55)
FN:141,(anonymous_56)
FN:142,(anonymous_57)
FN:144,(anonymous_58)
FN:154,(anonymous_59)
FN:156,(anonymous_60)
FN:161,(anonymous_61)
FN:163,(anonymous_62)
FN:166,(anonymous_63)
FN:181,(anonymous_64)
FN:182,(anonymous_65)
FN:183,(anonymous_66)
FN:184,(anonymous_67)
FNF:66
FNH:66
FNDA:1,(anonymous_2)
FNDA:1,(anonymous_3)
FNDA:1,(anonymous_4)
FNDA:2,(anonymous_5)
FNDA:1,(anonymous_6)
FNDA:1,(anonymous_7)
FNDA:1,(anonymous_8)
FNDA:1,(anonymous_9)
FNDA:1,(anonymous_10)
FNDA:1,(anonymous_11)
FNDA:2,(anonymous_12)
FNDA:1,(anonymous_13)
FNDA:1,(anonymous_14)
FNDA:1,(anonymous_15)
FNDA:1,(anonymous_16)
FNDA:1,(anonymous_17)
FNDA:1,(anonymous_18)
FNDA:1,(anonymous_19)
FNDA:1,(anonymous_20)
FNDA:1,(anonymous_21)
FNDA:1,(anonymous_22)
FNDA:2,(anonymous_23)
FNDA:1,(anonymous_24)
FNDA:1,(anonymous_25)
FNDA:2,(anonymous_26)
FNDA:1,(anonymous_27)
FNDA:2,(anonymous_28)
FNDA:1,(anonymous_29)
FNDA:1,(anonymous_30)
FNDA:2,(anonymous_31)
FNDA:1,(anonymous_32)
FNDA:1,(anonymous_33)
FNDA:1,(anonymous_34)
FNDA:1,(anonymous_35)
FNDA:1,(anonymous_36)
FNDA:1,(anonymous_37)
FNDA:1,(anonymous_38)
FNDA:1,(anonymous_39)
FNDA:1,(anonymous_40)
FNDA:1,(anonymous_41)
FNDA:1,(anonymous_42)
FNDA:1,(anonymous_43)
FNDA:1,(anonymous_44)
FNDA:1,(anonymous_45)
FNDA:1,(anonymous_46)
FNDA:1,(anonymous_47)
FNDA:1,(anonymous_48)
FNDA:1,(anonymous_49)
FNDA:1,(anonymous_50)
FNDA:1,(anonymous_51)
FNDA:1,(anonymous_52)
FNDA:1,(anonymous_53)
FNDA:1,(anonymous_54)
FNDA:1,(anonymous_55)
FNDA:1,(anonymous_56)
FNDA:1,(anonymous_57)
FNDA:1,(anonymous_58)
FNDA:2,(anonymous_59)
FNDA:1,(anonymous_60)
FNDA:2,(anonymous_61)
FNDA:1,(anonymous_62)
FNDA:1,(anonymous_63)
FNDA:1,(anonymous_64)
FNDA:1,(anonymous_65)
FNDA:1,(anonymous_66)
FNDA:1,(anonymous_67)
DA:1,1
DA:2,1
DA:5,1
DA:6,1
DA:8,1
DA:9,1
DA:14,1
DA:15,1
DA:18,2
DA:20,2
DA:23,1
DA:24,1
DA:26,1
DA:27,1
DA:30,1
DA:31,1
DA:32,1
DA:33,1
DA:35,1
DA:40,1
DA:41,1
DA:44,2
DA:46,2
DA:49,1
DA:50,1
DA:52,1
DA:53,1
DA:56,1
DA:57,1
DA:58,1
DA:59,1
DA:60,1
DA:62,1
DA:71,1
DA:74,1
DA:75,1
DA:76,1
DA:77,1
DA:78,1
DA:79,1
DA:80,2
DA:81,1
DA:82,1
DA:83,2
DA:84,1
DA:87,1
DA:88,2
DA:89,1
DA:90,1
DA:91,2
DA:94,1
DA:95,1
DA:96,1
DA:98,1
DA:99,1
DA:100,1
DA:101,1
DA:103,1
DA:104,1
DA:107,1
DA:108,1
DA:110,1
DA:111,1
DA:113,1
DA:115,1
DA:118,1
DA:119,1
DA:120,1
DA:121,1
DA:122,1
DA:123,1
DA:124,1
DA:125,1
DA:126,1
DA:127,1
DA:128,1
DA:129,1
DA:130,1
DA:131,1
DA:132,1
DA:133,1
DA:134,1
DA:135,1
DA:136,1
DA:137,1
DA:138,1
DA:139,1
DA:140,1
DA:141,1
DA:142,1
DA:144,1
DA:154,2
DA:156,1
DA:159,1
DA:161,2
DA:163,1
DA:166,1
DA:167,1
DA:168,1
DA:171,1
DA:172,1
DA:174,1
DA:175,1
DA:177,1
DA:178,1
DA:181,1
DA:182,1
DA:183,1
DA:184,1
LF:109
LH:109
BRF:0
BRH:0
end_of_record
TN:
SF:test\perf6.test.ts
FN:6,(anonymous_1)
FN:7,(anonymous_2)
FN:22,(anonymous_3)
FN:33,(anonymous_4)
FN:40,(anonymous_5)
FNF:5
FNH:5
FNDA:1,(anonymous_1)
FNDA:1,(anonymous_2)
FNDA:1,(anonymous_3)
FNDA:1,(anonymous_4)
FNDA:1,(anonymous_5)
DA:1,1
DA:2,1
DA:3,1
DA:4,1
DA:6,1
DA:7,1
DA:8,1
DA:10,1
DA:12,1
DA:13,1
DA:15,1
DA:18,1
DA:20,1
DA:22,1
DA:23,1
DA:25,1
DA:26,1
DA:28,1
DA:31,1
DA:33,1
DA:34,1
DA:35,1
DA:36,1
DA:37,1
DA:38,1
DA:40,1
DA:41,1
DA:42,1
DA:43,1
DA:44,1
DA:45,1
DA:46,1
DA:47,1
DA:48,1
DA:49,1
LF:35
LH:35
BRF:0
BRH:0
end_of_record
TN:
SF:test\timerify.test.ts
FN:5,(anonymous_1)
FN:10,fnSync
FN:11,fn
FN:16,(anonymous_4)
FN:24,(anonymous_5)
FN:25,(anonymous_6)
FN:26,(anonymous_7)
FN:27,(anonymous_8)
FN:28,(anonymous_9)
FN:29,(anonymous_10)
FN:30,(anonymous_11)
FNF:11
FNH:11
FNDA:1,(anonymous_1)
FNDA:1,fnSync
FNDA:1,fn
FNDA:1,(anonymous_4)
FNDA:1,(anonymous_5)
FNDA:1,(anonymous_6)
FNDA:1,(anonymous_7)
FNDA:1,(anonymous_8)
FNDA:1,(anonymous_9)
FNDA:1,(anonymous_10)
FNDA:1,(anonymous_11)
DA:1,1
DA:2,1
DA:3,1
DA:5,1
DA:10,1
DA:11,1
DA:13,1
DA:14,1
DA:16,1
DA:17,1
DA:18,1
DA:19,1
DA:20,1
DA:21,1
DA:24,1
DA:25,1
DA:26,1
DA:27,1
DA:28,1
DA:29,1
DA:30,1
LF:21
LH:21
BRF:0
BRH:0
end_of_record
TN:
SF:test\common\sleep.ts
FN:1,sleep
FN:2,(anonymous_1)
FNF:2
FNH:2
FNDA:5,sleep
FNDA:5,(anonymous_1)
DA:1,1
DA:2,5
LF:2
LH:2
BRF:0
BRH:0
end_of_record
